#
# A fatal error has been detected by the Java Runtime Environment:
#
#  EXCEPTION_ACCESS_VIOLATION (0xc0000005) at pc=0x00007ff8c51df4b2, pid=212384, tid=212548
#
# JRE version: OpenJDK Runtime Environment (15.0+36) (build 15+36-1562)
# Java VM: OpenJDK 64-Bit Server VM (15+36-1562, mixed mode, tiered, compressed oops, g1 gc, windows-amd64)
# Problematic frame:
# C  [awt.dll+0x4f4b2]
#
# No core dump will be written. Minidumps are not enabled by default on client versions of Windows
#
# If you would like to submit a bug report, please visit:
#   https://bugreport.java.com/bugreport/crash.jsp
# The crash happened outside the Java Virtual Machine in native code.
# See problematic frame for where to report the bug.
#

---------------  S U M M A R Y ------------

Command Line: -XX:+ShowCodeDetailsInExceptionMessages -agentlib:jdwp=transport=dt_socket,suspend=y,address=localhost:53218 -javaagent:D:\tools\sts-4.8.1.RELEASE\configuration\org.eclipse.osgi\262\0\.cp\lib\javaagent-shaded.jar -Dfile.encoding=MS949 test.ChatClientTest

Host: Intel(R) Core(TM) i5-3470 CPU @ 3.20GHz, 4 cores, 7G,  Windows 10 , 64 bit Build 18362 (10.0.18362.1082)
Time: Wed Dec  2 12:35:26 2020 ¢¥eCN©öI¡¾©ö C¡ÍA¨ª¨öA elapsed time: 27.045130 seconds (0d 0h 0m 27s)

---------------  T H R E A D  ---------------

Current thread (0x00000166e982ddb0):  JavaThread "AWT-EventQueue-0" [_thread_in_native, id=212548, stack(0x000000563a000000,0x000000563a100000)]

Stack: [0x000000563a000000,0x000000563a100000],  sp=0x000000563a0fd9b0,  free space=1014k
Native frames: (J=compiled Java code, j=interpreted, Vv=VM code, C=native code)
C  [awt.dll+0x4f4b2]

Java frames: (J=compiled Java code, j=interpreted, Vv=VM code)
J 1440  sun.java2d.loops.DrawGlyphListLCD.DrawGlyphListLCD(Lsun/java2d/SunGraphics2D;Lsun/java2d/SurfaceData;Lsun/font/GlyphList;)V java.desktop@15 (0 bytes) @ 0x00000166d9f1649c [0x00000166d9f16420+0x000000000000007c]
J 1439 c1 sun.java2d.pipe.LCDTextRenderer.drawGlyphList(Lsun/java2d/SunGraphics2D;Lsun/font/GlyphList;)V java.desktop@15 (17 bytes) @ 0x00000166d2bc7ee4 [0x00000166d2bc7e40+0x00000000000000a4]
j  sun.java2d.pipe.GlyphListPipe.drawString(Lsun/java2d/SunGraphics2D;Ljava/lang/String;DD)V+165 java.desktop@15
j  sun.java2d.pipe.ValidatePipe.drawString(Lsun/java2d/SunGraphics2D;Ljava/lang/String;DD)V+17 java.desktop@15
j  sun.java2d.SunGraphics2D.drawString(Ljava/lang/String;FF)V+66 java.desktop@15
J 1825 c2 sun.swing.SwingUtilities2.drawChars(Ljavax/swing/JComponent;Ljava/awt/Graphics;[CIIFFZ)F java.desktop@15 (432 bytes) @ 0x00000166d9f978f0 [0x00000166d9f96e40+0x0000000000000ab0]
J 1559 c2 javax.swing.text.Utilities.drawTabbedText(Ljavax/swing/text/View;Ljavax/swing/text/Segment;FFLjava/awt/Graphics;Ljavax/swing/text/TabExpander;I[IZ)F java.desktop@15 (423 bytes) @ 0x00000166d9f32934 [0x00000166d9f322e0+0x0000000000000654]
J 1929 c2 javax.swing.text.PlainView.drawElement(ILjavax/swing/text/Element;Ljava/awt/Graphics;FF)F java.desktop@15 (400 bytes) @ 0x00000166d9fa52b4 [0x00000166d9fa4d40+0x0000000000000574]
J 2146 c2 javax.swing.text.PlainView.paint(Ljava/awt/Graphics;Ljava/awt/Shape;)V java.desktop@15 (488 bytes) @ 0x00000166da0393b8 [0x00000166da038960+0x0000000000000a58]
J 2008 c1 javax.swing.plaf.basic.BasicTextUI$RootView.paint(Ljava/awt/Graphics;Ljava/awt/Shape;)V java.desktop@15 (52 bytes) @ 0x00000166d2ce898c [0x00000166d2ce8400+0x000000000000058c]
J 2005 c1 javax.swing.plaf.basic.BasicTextUI.paintSafely(Ljava/awt/Graphics;)V java.desktop@15 (95 bytes) @ 0x00000166d2ce57fc [0x00000166d2ce5220+0x00000000000005dc]
J 1863 c1 javax.swing.plaf.basic.BasicTextUI.paint(Ljava/awt/Graphics;Ljavax/swing/JComponent;)V java.desktop@15 (85 bytes) @ 0x00000166d2c76e84 [0x00000166d2c769c0+0x00000000000004c4]
J 1862 c1 javax.swing.plaf.basic.BasicTextUI.update(Ljava/awt/Graphics;Ljavax/swing/JComponent;)V java.desktop@15 (7 bytes) @ 0x00000166d2c76654 [0x00000166d2c765c0+0x0000000000000094]
J 1839 c1 javax.swing.JComponent.paintComponent(Ljava/awt/Graphics;)V java.desktop@15 (44 bytes) @ 0x00000166d2c66ddc [0x00000166d2c66b80+0x000000000000025c]
J 1837 c1 javax.swing.JComponent.paint(Ljava/awt/Graphics;)V java.desktop@15 (409 bytes) @ 0x00000166d2c6355c [0x00000166d2c61e40+0x000000000000171c]
j  java.awt.GraphicsCallback$PaintCallback.run(Ljava/awt/Component;Ljava/awt/Graphics;)V+2 java.desktop@15
j  sun.awt.SunGraphicsCallback.runOneComponent(Ljava/awt/Component;Ljava/awt/Rectangle;Ljava/awt/Graphics;Ljava/awt/Shape;I)V+130 java.desktop@15
j  sun.awt.SunGraphicsCallback.runComponents([Ljava/awt/Component;Ljava/awt/Graphics;I)V+157 java.desktop@15
j  java.awt.Container.paint(Ljava/awt/Graphics;)V+58 java.desktop@15
j  java.awt.Container.update(Ljava/awt/Graphics;)V+33 java.desktop@15
j  sun.awt.RepaintArea.updateComponent(Ljava/awt/Component;Ljava/awt/Graphics;)V+6 java.desktop@15
j  sun.awt.RepaintArea.paint(Ljava/lang/Object;Z)V+263 java.desktop@15
J 1954 c1 sun.awt.windows.WComponentPeer.handleEvent(Ljava/awt/AWTEvent;)V java.desktop@15 (173 bytes) @ 0x00000166d2cbb9c4 [0x00000166d2cbab00+0x0000000000000ec4]
J 2136 c1 java.awt.Component.dispatchEventImpl(Ljava/awt/AWTEvent;)V java.desktop@15 (777 bytes) @ 0x00000166d2d2d68c [0x00000166d2d28aa0+0x0000000000004bec]
J 1070 c1 java.awt.Container.dispatchEventImpl(Ljava/awt/AWTEvent;)V java.desktop@15 (129 bytes) @ 0x00000166d2b02e9c [0x00000166d2b02d60+0x000000000000013c]
J 1124 c1 java.awt.EventQueue.dispatchEventImpl(Ljava/awt/AWTEvent;Ljava/lang/Object;)V java.desktop@15 (136 bytes) @ 0x00000166d2b1c574 [0x00000166d2b1c0c0+0x00000000000004b4]
J 1123 c1 java.awt.EventQueue$4.run()Ljava/lang/Void; java.desktop@15 (60 bytes) @ 0x00000166d2b1b9ac [0x00000166d2b1b880+0x000000000000012c]
J 1051 c1 java.awt.EventQueue$4.run()Ljava/lang/Object; java.desktop@15 (5 bytes) @ 0x00000166d2af754c [0x00000166d2af74c0+0x000000000000008c]
J 998 c1 java.security.ProtectionDomain$JavaSecurityAccessImpl.doIntersectionPrivilege(Ljava/security/PrivilegedAction;Ljava/security/AccessControlContext;Ljava/security/AccessControlContext;)Ljava/lang/Object; java.base@15 (22 bytes) @ 0x00000166d2adaafc [0x00000166d2ada840+0x00000000000002bc]
J 1049 c1 java.awt.EventQueue.dispatchEvent(Ljava/awt/AWTEvent;)V java.desktop@15 (80 bytes) @ 0x00000166d2af5f5c [0x00000166d2af5460+0x0000000000000afc]
J 1053 c1 java.awt.EventDispatchThread.pumpOneEventForFilters(I)V java.desktop@15 (113 bytes) @ 0x00000166d2afa844 [0x00000166d2afa1a0+0x00000000000006a4]
j  java.awt.EventDispatchThread.pumpEventsForFilter(ILjava/awt/Conditional;Ljava/awt/EventFilter;)V+35 java.desktop@15
j  java.awt.EventDispatchThread.pumpEventsForHierarchy(ILjava/awt/Conditional;Ljava/awt/Component;)V+11 java.desktop@15
j  java.awt.EventDispatchThread.pumpEvents(ILjava/awt/Conditional;)V+4 java.desktop@15
j  java.awt.EventDispatchThread.pumpEvents(Ljava/awt/Conditional;)V+3 java.desktop@15
j  java.awt.EventDispatchThread.run()V+9 java.desktop@15
v  ~StubRoutines::call_stub

siginfo: EXCEPTION_ACCESS_VIOLATION (0xc0000005), reading address 0x00000167ea350190


Register to memory mapping:

RIP=0x00007ff8c51df4b2 awt.dll
RAX=0x0 is NULL
RBX=0x0000000000000005 is an unknown value
RCX=0x0 is NULL
RDX=0x00000000000000aa is an unknown value
RSP=0x000000563a0fd9b0 is pointing into the stack for thread: 0x00000166e982ddb0
RBP=0x00000166e9a9a1e0 points into unknown readable memory: 0x0c0b090706040200 | 00 02 04 06 07 09 0b 0c
RSI=0x00000167ea350190 is an unknown value
RDI=0x00000166e9a2e04d points into unknown readable memory: aa ff ff
R8 =0x0 is NULL
R9 =0x0000000000000054 is an unknown value
R10=0x00000166eca7ed80 points into unknown readable memory: 0x0000000000000012 | 12 00 00 00 00 00 00 00
R11=0x0000000000000012 is an unknown value
R12=0x0000000000000001 is an unknown value
R13=0x00000166e9a9a510 points into unknown readable memory: 0x0302020101000000 | 00 00 00 01 01 02 02 03
R14=0x0000000000000004 is an unknown value
R15=
[error occurred during error reporting (printing register info), id 0xc0000005, EXCEPTION_ACCESS_VIOLATION (0xc0000005) at pc=0x00007ff8b93d7cb2]

Registers:
RAX=0x0000000000000000, RBX=0x0000000000000005, RCX=0x0000000000000000, RDX=0x00000000000000aa
RSP=0x000000563a0fd9b0, RBP=0x00000166e9a9a1e0, RSI=0x00000167ea350190, RDI=0x00000166e9a2e04d
R8 =0x0000000000000000, R9 =0x0000000000000054, R10=0x00000166eca7ed80, R11=0x0000000000000012
R12=0x0000000000000001, R13=0x00000166e9a9a510, R14=0x0000000000000004, R15=0x00000000ff0000ff
RIP=0x00007ff8c51df4b2, EFLAGS=0x0000000000010213

Top of Stack: (sp=0x000000563a0fd9b0)
0x000000563a0fd9b0:   0000000500000012 00000166e9a2e04b
0x000000563a0fd9c0:   00000166eca7ed80 000000000000000e
0x000000563a0fd9d0:   0000000000000000 0000000000000000
0x000000563a0fd9e0:   00000000000000ff 00007ff8c52c0978
0x000000563a0fd9f0:   00000000005b7b9b 0000000000000078
0x000000563a0fda00:   00007ff8c7de1280 00007ff8c52c0978
0x000000563a0fda10:   00000000005b7b8f 00000166e982e0d8
0x000000563a0fda20:   0000000000000078 00007ff8c7d4170e
0x000000563a0fda30:   000000563a0fdac0 00000166ebac1aa0
0x000000563a0fda40:   0000000000000190 00007ff8b94e7fd7
0x000000563a0fda50:   000001660000000b 00007ff800000000
0x000000563a0fda60:   00000056005b7b8f 0000005600000064
0x000000563a0fda70:   00000000005b7b9b 00007ff800000001
0x000000563a0fda80:   00000166e9a9a1e0 00000166e9a9a510
0x000000563a0fda90:   00007ff8c52c0978 000000563a0fdb60
0x000000563a0fdaa0:   0000000000000064 00000166e9a9a510 

Instructions: (pc=0x00007ff8c51df4b2)
0x00007ff8c51df3b2:   c3 48 98 48 03 e8 48 89 6c 24 08 44 3b 84 24 b8
0x00007ff8c51df3c2:   00 00 00 44 0f 4f 84 24 b8 00 00 00 44 3b e9 44
0x00007ff8c51df3d2:   0f 4f e9 45 3b c1 0f 8e 19 02 00 00 44 3b ea 0f
0x00007ff8c51df3e2:   8e 10 02 00 00 48 63 84 24 90 00 00 00 44 2b ea
0x00007ff8c51df3f2:   48 63 ca 45 2b c1 48 0f af c8 49 63 c1 44 89 ac
0x00007ff8c51df402:   24 a0 00 00 00 48 8d 34 81 48 8b 84 24 80 00 00
0x00007ff8c51df412:   00 48 03 70 10 44 3b db 74 0c 49 63 42 04 48 03
0x00007ff8c51df422:   e8 48 89 6c 24 08 8b 8c 24 90 00 00 00 4d 63 f0
0x00007ff8c51df432:   33 c0 44 3b db 75 1e 0f 1f 80 00 00 00 00 80 3c
0x00007ff8c51df442:   28 00 74 04 44 89 3c 86 48 ff c0 49 3b c6 7c ee
0x00007ff8c51df452:   e9 5c 01 00 00 4c 8b ac 24 d8 00 00 00 48 8d 7d
0x00007ff8c51df462:   02 48 8b ac 24 d0 00 00 00 0f 1f 44 00 00 44 0f
0x00007ff8c51df472:   b6 4f ff 48 8d 4f fe 45 85 e4 74 05 0f b6 17 eb
0x00007ff8c51df482:   03 0f b6 11 45 85 e4 48 0f 44 cf 44 0f b6 01 41
0x00007ff8c51df492:   0f b6 c9 0a ca 41 0a c8 0f 84 e7 00 00 00 41 0f
0x00007ff8c51df4a2:   b6 c9 22 ca 41 22 c8 80 f9 ff 0f 83 d1 00 00 00
0x00007ff8c51df4b2:   4c 63 1c 86 4c 8d 15 03 ae 0f 00 0f b6 da 49 8b
0x00007ff8c51df4c2:   cb 48 c1 f9 10 0f b6 c9 42 0f b6 14 29 41 8b c8
0x00007ff8c51df4d2:   48 c1 e1 08 48 2b d1 49 c1 e0 08 4c 03 44 24 20
0x00007ff8c51df4e2:   42 0f b6 8c 12 00 ff 00 00 43 0f b6 14 10 48 03
0x00007ff8c51df4f2:   cd 4c 8d 05 c6 ad 0f 00 44 0f b6 14 0a 49 8b cb
0x00007ff8c51df502:   48 c1 f9 08 0f b6 c9 41 c1 e2 08 42 0f b6 14 29
0x00007ff8c51df512:   49 8b c9 48 c1 e1 08 48 2b d1 49 c1 e1 08 4c 03
0x00007ff8c51df522:   4c 24 28 42 0f b6 8c 02 00 ff 00 00 43 0f b6 14
0x00007ff8c51df532:   01 48 03 cd 44 0f b6 04 0a 45 0b d0 41 0f b6 cb
0x00007ff8c51df542:   4c 8d 05 77 ad 0f 00 41 c1 e2 08 42 0f b6 14 29
0x00007ff8c51df552:   8b cb 48 c1 e1 08 48 2b d1 48 c1 e3 08 48 03 5c
0x00007ff8c51df562:   24 30 42 0f b6 8c 02 00 ff 00 00 42 0f b6 14 03
0x00007ff8c51df572:   48 03 cd 44 0f b6 04 0a 45 0b d0 44 89 14 86 eb
0x00007ff8c51df582:   04 44 89 3c 86 48 ff c0 48 83 c7 03 49 3b c6 0f
0x00007ff8c51df592:   8c d9 fe ff ff 48 8b 6c 24 08 44 8b ac 24 a0 00
0x00007ff8c51df5a2:   00 00 44 8b 1c 24 8b 5c 24 04 8b 8c 24 90 00 00 


Stack slot to memory mapping:
stack at sp + 0 slots: 0x0000000500000012 is an unknown value
stack at sp + 1 slots: 0x00000166e9a2e04b points into unknown readable memory: 00 54 aa ff ff
stack at sp + 2 slots: 0x00000166eca7ed80 points into unknown readable memory: 0x0000000000000012 | 12 00 00 00 00 00 00 00
stack at sp + 3 slots: 0x000000000000000e is an unknown value
stack at sp + 4 slots: 0x0 is NULL
stack at sp + 5 slots: 0x0 is NULL
stack at sp + 6 slots: 0x00000000000000ff is an unknown value
stack at sp + 7 slots: 0x00007ff8c52c0978 awt.dll


---------------  P R O C E S S  ---------------

Threads class SMR info:
_java_thread_list=0x00000166ecec5440, length=20, elements={
0x00000166e8c62010, 0x00000166e8c628d0, 0x00000166e8446cf0, 0x00000166e84499c0,
0x00000166e844a380, 0x00000166e8caf970, 0x00000166e8cb0270, 0x00000166e8c7d340,
0x00000166e8d8c940, 0x00000166e900ef80, 0x00000166e900f470, 0x00000166e900f960,
0x00000166e94da350, 0x00000166e9640c80, 0x00000166e96edaf0, 0x00000166e96eeaf0,
0x00000166e982ddb0, 0x00000166ce9d3190, 0x00000166e9aa42a0, 0x00000166e99efd70
}

Java Threads: ( => current thread )
  0x00000166e8c62010 JavaThread "Reference Handler" daemon [_thread_blocked, id=212452, stack(0x0000005638e00000,0x0000005638f00000)]
  0x00000166e8c628d0 JavaThread "Finalizer" daemon [_thread_blocked, id=212456, stack(0x0000005638f00000,0x0000005639000000)]
  0x00000166e8446cf0 JavaThread "Signal Dispatcher" daemon [_thread_blocked, id=212460, stack(0x0000005639000000,0x0000005639100000)]
  0x00000166e84499c0 JavaThread "Attach Listener" daemon [_thread_blocked, id=212464, stack(0x0000005639100000,0x0000005639200000)]
  0x00000166e844a380 JavaThread "Service Thread" daemon [_thread_blocked, id=212468, stack(0x0000005639200000,0x0000005639300000)]
  0x00000166e8caf970 JavaThread "C2 CompilerThread0" daemon [_thread_blocked, id=212472, stack(0x0000005639300000,0x0000005639400000)]
  0x00000166e8cb0270 JavaThread "C1 CompilerThread0" daemon [_thread_blocked, id=212476, stack(0x0000005639400000,0x0000005639500000)]
  0x00000166e8c7d340 JavaThread "Sweeper thread" daemon [_thread_blocked, id=212480, stack(0x0000005639500000,0x0000005639600000)]
  0x00000166e8d8c940 JavaThread "Common-Cleaner" daemon [_thread_blocked, id=212484, stack(0x0000005639600000,0x0000005639700000)]
  0x00000166e900ef80 JavaThread "JDWP Transport Listener: dt_socket" daemon [_thread_blocked, id=212492, stack(0x0000005639700000,0x0000005639800000)]
  0x00000166e900f470 JavaThread "JDWP Event Helper Thread" daemon [_thread_blocked, id=212500, stack(0x0000005639800000,0x0000005639900000)]
  0x00000166e900f960 JavaThread "JDWP Command Reader" daemon [_thread_in_native, id=212508, stack(0x0000005639900000,0x0000005639a00000)]
  0x00000166e94da350 JavaThread "Notification Thread" daemon [_thread_blocked, id=212524, stack(0x0000005639b00000,0x0000005639c00000)]
  0x00000166e9640c80 JavaThread "Java2D Disposer" daemon [_thread_blocked, id=212536, stack(0x0000005639d00000,0x0000005639e00000)]
  0x00000166e96edaf0 JavaThread "AWT-Shutdown" [_thread_blocked, id=212540, stack(0x0000005639e00000,0x0000005639f00000)]
  0x00000166e96eeaf0 JavaThread "AWT-Windows" daemon [_thread_in_native, id=212544, stack(0x0000005639f00000,0x000000563a000000)]
=>0x00000166e982ddb0 JavaThread "AWT-EventQueue-0" [_thread_in_native, id=212548, stack(0x000000563a000000,0x000000563a100000)]
  0x00000166ce9d3190 JavaThread "DestroyJavaVM" [_thread_blocked, id=212424, stack(0x0000005638700000,0x0000005638800000)]
  0x00000166e9aa42a0 JavaThread "TimerQueue" daemon [_thread_blocked, id=212588, stack(0x000000563a700000,0x000000563a800000)]
  0x00000166e99efd70 JavaThread "Thread-0" [_thread_blocked, id=212604, stack(0x0000005639a00000,0x0000005639b00000)]

Other Threads:
  0x00000166e842ab70 VMThread "VM Thread" [stack: 0x0000005638d00000,0x0000005638e00000] [id=212448]
  0x00000166ce9d4220 WatcherThread [stack: 0x0000005639c00000,0x0000005639d00000] [id=212528]
  0x00000166cea133f0 GCTaskThread "GC Thread#0" [stack: 0x0000005638800000,0x0000005638900000] [id=212428]
  0x00000166e8f0ea50 GCTaskThread "GC Thread#1" [stack: 0x000000563a400000,0x000000563a500000] [id=212564]
  0x00000166e8f0d400 GCTaskThread "GC Thread#2" [stack: 0x000000563a500000,0x000000563a600000] [id=212568]
  0x00000166e8f10700 GCTaskThread "GC Thread#3" [stack: 0x000000563a600000,0x000000563a700000] [id=212572]
  0x00000166cea252a0 ConcurrentGCThread "G1 Main Marker" [stack: 0x0000005638900000,0x0000005638a00000] [id=212432]
  0x00000166cea25e20 ConcurrentGCThread "G1 Conc#0" [stack: 0x0000005638a00000,0x0000005638b00000] [id=212436]
  0x00000166e8260090 ConcurrentGCThread "G1 Refine#0" [stack: 0x0000005638b00000,0x0000005638c00000] [id=212440]
  0x00000166edb13a00 ConcurrentGCThread "G1 Refine#1" [stack: 0x000000563a800000,0x000000563a900000] [id=212684]
  0x00000166ec34a030 ConcurrentGCThread "G1 Refine#2" [stack: 0x000000563a900000,0x000000563aa00000] [id=212688]
  0x00000166ecdc0000 ConcurrentGCThread "G1 Refine#3" [stack: 0x000000563aa00000,0x000000563ab00000] [id=212692]
  0x00000166e8260c20 ConcurrentGCThread "G1 Young RemSet Sampling" [stack: 0x0000005638c00000,0x0000005638d00000] [id=212444]

Threads with active compile tasks:

VM state: not at safepoint (normal execution)

VM Mutex/Monitor currently owned by a thread: None

Heap address: 0x0000000081a00000, size: 2022 MB, Compressed Oops mode: 32-bit
CDS disabled.
Compressed class space mapped at: 0x0000000100000000-0x0000000140000000, size: 1073741824
Narrow klass base: 0x0000000000000000, Narrow klass shift: 3, Narrow klass range: 0x140000000

GC Precious Log:
 CPUs: 4 total, 4 available
 Memory: 8086M
 Large Page Support: Disabled
 NUMA Support: Disabled
 Compressed Oops: Enabled (32-bit)
 Heap Region Size: 1M
 Heap Min Capacity: 8M
 Heap Initial Capacity: 128M
 Heap Max Capacity: 2022M
 Pre-touch: Disabled
 Parallel Workers: 4
 Concurrent Workers: 1
 Concurrent Refinement Workers: 4
 Periodic GC: Disabled

Heap:
 garbage-first heap   total 148480K, used 72446K [0x0000000081a00000, 0x0000000100000000)
  region size 1024K, 15 young (15360K), 1 survivors (1024K)
 Metaspace       used 19045K, capacity 19197K, committed 19328K, reserved 1067008K
  class space    used 1820K, capacity 1894K, committed 1920K, reserved 1048576K

Heap Regions: E=young(eden), S=young(survivor), O=old, HS=humongous(starts), HC=humongous(continues), CS=collection set, F=free, OA=open archive, CA=closed archive, TAMS=top-at-mark-start (previous, next)
|   0|0x0000000081a00000, 0x0000000081b00000, 0x0000000081b00000|100%|HS|  |TAMS 0x0000000081a00000, 0x0000000081a00000| Complete 
|   1|0x0000000081b00000, 0x0000000081c00000, 0x0000000081c00000|100%| O|  |TAMS 0x0000000081b00000, 0x0000000081b00000| Untracked 
|   2|0x0000000081c00000, 0x0000000081d00000, 0x0000000081d00000|100%| O|  |TAMS 0x0000000081c00000, 0x0000000081c00000| Untracked 
|   3|0x0000000081d00000, 0x0000000081e00000, 0x0000000081e00000|100%| O|  |TAMS 0x0000000081d00000, 0x0000000081d00000| Untracked 
|   4|0x0000000081e00000, 0x0000000081f00000, 0x0000000081f00000|100%|HS|  |TAMS 0x0000000081e00000, 0x0000000081e00000| Complete 
|   5|0x0000000081f00000, 0x0000000082000000, 0x0000000082000000|100%|HS|  |TAMS 0x0000000081f00000, 0x0000000081f00000| Complete 
|   6|0x0000000082000000, 0x0000000082100000, 0x0000000082100000|100%|HS|  |TAMS 0x0000000082000000, 0x0000000082000000| Complete 
|   7|0x0000000082100000, 0x0000000082200000, 0x0000000082200000|100%|HC|  |TAMS 0x0000000082100000, 0x0000000082100000| Complete 
|   8|0x0000000082200000, 0x0000000082300000, 0x0000000082300000|100%| O|  |TAMS 0x0000000082200000, 0x0000000082200000| Untracked 
|   9|0x0000000082300000, 0x0000000082400000, 0x0000000082400000|100%| O|  |TAMS 0x0000000082300000, 0x0000000082300000| Untracked 
|  10|0x0000000082400000, 0x0000000082500000, 0x0000000082500000|100%| O|  |TAMS 0x0000000082400000, 0x0000000082400000| Untracked 
|  11|0x0000000082500000, 0x0000000082600000, 0x0000000082600000|100%| O|  |TAMS 0x0000000082500000, 0x0000000082500000| Untracked 
|  12|0x0000000082600000, 0x0000000082700000, 0x0000000082700000|100%| O|  |TAMS 0x0000000082600000, 0x0000000082600000| Untracked 
|  13|0x0000000082700000, 0x0000000082800000, 0x0000000082800000|100%| O|  |TAMS 0x0000000082700000, 0x0000000082700000| Untracked 
|  14|0x0000000082800000, 0x0000000082900000, 0x0000000082900000|100%| O|  |TAMS 0x0000000082800000, 0x0000000082800000| Untracked 
|  15|0x0000000082900000, 0x0000000082a00000, 0x0000000082a00000|100%| O|  |TAMS 0x0000000082900000, 0x0000000082900000| Untracked 
|  16|0x0000000082a00000, 0x0000000082b00000, 0x0000000082b00000|100%| O|  |TAMS 0x0000000082a00000, 0x0000000082a00000| Untracked 
|  17|0x0000000082b00000, 0x0000000082c00000, 0x0000000082c00000|100%|HS|  |TAMS 0x0000000082b00000, 0x0000000082b00000| Complete 
|  18|0x0000000082c00000, 0x0000000082d00000, 0x0000000082d00000|100%|HC|  |TAMS 0x0000000082c00000, 0x0000000082c00000| Complete 
|  19|0x0000000082d00000, 0x0000000082e00000, 0x0000000082e00000|100%| O|  |TAMS 0x0000000082d00000, 0x0000000082d00000| Untracked 
|  20|0x0000000082e00000, 0x0000000082f00000, 0x0000000082f00000|100%| O|  |TAMS 0x0000000082e00000, 0x0000000082e00000| Untracked 
|  21|0x0000000082f00000, 0x0000000083000000, 0x0000000083000000|100%| O|  |TAMS 0x0000000082f00000, 0x0000000082f00000| Untracked 
|  22|0x0000000083000000, 0x0000000083100000, 0x0000000083100000|100%| O|  |TAMS 0x0000000083000000, 0x0000000083000000| Untracked 
|  23|0x0000000083100000, 0x0000000083200000, 0x0000000083200000|100%| O|  |TAMS 0x0000000083100000, 0x0000000083100000| Untracked 
|  24|0x0000000083200000, 0x0000000083300000, 0x0000000083300000|100%| O|  |TAMS 0x0000000083200000, 0x0000000083200000| Untracked 
|  25|0x0000000083300000, 0x0000000083400000, 0x0000000083400000|100%| O|  |TAMS 0x0000000083300000, 0x0000000083300000| Untracked 
|  26|0x0000000083400000, 0x0000000083500000, 0x0000000083500000|100%| O|  |TAMS 0x0000000083400000, 0x0000000083400000| Untracked 
|  27|0x0000000083500000, 0x0000000083600000, 0x0000000083600000|100%| O|  |TAMS 0x0000000083500000, 0x0000000083500000| Untracked 
|  28|0x0000000083600000, 0x0000000083700000, 0x0000000083700000|100%| O|  |TAMS 0x0000000083600000, 0x0000000083600000| Untracked 
|  29|0x0000000083700000, 0x0000000083800000, 0x0000000083800000|100%| O|  |TAMS 0x0000000083700000, 0x0000000083700000| Untracked 
|  30|0x0000000083800000, 0x0000000083900000, 0x0000000083900000|100%| O|  |TAMS 0x0000000083800000, 0x0000000083800000| Untracked 
|  31|0x0000000083900000, 0x0000000083a00000, 0x0000000083a00000|100%| O|  |TAMS 0x0000000083900000, 0x0000000083900000| Untracked 
|  32|0x0000000083a00000, 0x0000000083b00000, 0x0000000083b00000|100%| O|  |TAMS 0x0000000083a00000, 0x0000000083a00000| Untracked 
|  33|0x0000000083b00000, 0x0000000083c00000, 0x0000000083c00000|100%| O|  |TAMS 0x0000000083b00000, 0x0000000083b00000| Untracked 
|  34|0x0000000083c00000, 0x0000000083d00000, 0x0000000083d00000|100%| O|  |TAMS 0x0000000083c00000, 0x0000000083c00000| Untracked 
|  35|0x0000000083d00000, 0x0000000083dbf800, 0x0000000083e00000| 74%| O|  |TAMS 0x0000000083d00000, 0x0000000083d00000| Untracked 
|  36|0x0000000083e00000, 0x0000000083e00000, 0x0000000083f00000|  0%| F|  |TAMS 0x0000000083e00000, 0x0000000083e00000| Untracked 
|  37|0x0000000083f00000, 0x0000000083f00000, 0x0000000084000000|  0%| F|  |TAMS 0x0000000083f00000, 0x0000000083f00000| Untracked 
|  38|0x0000000084000000, 0x0000000084000000, 0x0000000084100000|  0%| F|  |TAMS 0x0000000084000000, 0x0000000084000000| Untracked 
|  39|0x0000000084100000, 0x0000000084100000, 0x0000000084200000|  0%| F|  |TAMS 0x0000000084100000, 0x0000000084100000| Untracked 
|  40|0x0000000084200000, 0x0000000084300000, 0x0000000084300000|100%| O|  |TAMS 0x0000000084200000, 0x0000000084200000| Untracked 
|  41|0x0000000084300000, 0x0000000084400000, 0x0000000084400000|100%| O|  |TAMS 0x0000000084300000, 0x0000000084300000| Untracked 
|  42|0x0000000084400000, 0x0000000084400000, 0x0000000084500000|  0%| F|  |TAMS 0x0000000084400000, 0x0000000084400000| Untracked 
|  43|0x0000000084500000, 0x0000000084500000, 0x0000000084600000|  0%| F|  |TAMS 0x0000000084500000, 0x0000000084500000| Untracked 
|  44|0x0000000084600000, 0x0000000084600000, 0x0000000084700000|  0%| F|  |TAMS 0x0000000084600000, 0x0000000084600000| Untracked 
|  45|0x0000000084700000, 0x0000000084800000, 0x0000000084800000|100%|HS|  |TAMS 0x0000000084700000, 0x0000000084700000| Complete 
|  46|0x0000000084800000, 0x0000000084900000, 0x0000000084900000|100%|HC|  |TAMS 0x0000000084800000, 0x0000000084800000| Complete 
|  47|0x0000000084900000, 0x0000000084a00000, 0x0000000084a00000|100%|HC|  |TAMS 0x0000000084900000, 0x0000000084900000| Complete 
|  48|0x0000000084a00000, 0x0000000084b00000, 0x0000000084b00000|100%| O|  |TAMS 0x0000000084a00000, 0x0000000084a00000| Untracked 
|  49|0x0000000084b00000, 0x0000000084c00000, 0x0000000084c00000|100%| O|  |TAMS 0x0000000084b00000, 0x0000000084b00000| Untracked 
|  50|0x0000000084c00000, 0x0000000084d00000, 0x0000000084d00000|100%| O|  |TAMS 0x0000000084c00000, 0x0000000084c00000| Untracked 
|  51|0x0000000084d00000, 0x0000000084e00000, 0x0000000084e00000|100%| O|  |TAMS 0x0000000084d00000, 0x0000000084d00000| Untracked 
|  52|0x0000000084e00000, 0x0000000084e00000, 0x0000000084f00000|  0%| F|  |TAMS 0x0000000084e00000, 0x0000000084e00000| Untracked 
|  53|0x0000000084f00000, 0x0000000084f00000, 0x0000000085000000|  0%| F|  |TAMS 0x0000000084f00000, 0x0000000084f00000| Untracked 
|  54|0x0000000085000000, 0x0000000085000000, 0x0000000085100000|  0%| F|  |TAMS 0x0000000085000000, 0x0000000085000000| Untracked 
|  55|0x0000000085100000, 0x0000000085100000, 0x0000000085200000|  0%| F|  |TAMS 0x0000000085100000, 0x0000000085100000| Untracked 
|  56|0x0000000085200000, 0x0000000085200000, 0x0000000085300000|  0%| F|  |TAMS 0x0000000085200000, 0x0000000085200000| Untracked 
|  57|0x0000000085300000, 0x0000000085300000, 0x0000000085400000|  0%| F|  |TAMS 0x0000000085300000, 0x0000000085300000| Untracked 
|  58|0x0000000085400000, 0x0000000085400000, 0x0000000085500000|  0%| F|  |TAMS 0x0000000085400000, 0x0000000085400000| Untracked 
|  59|0x0000000085500000, 0x0000000085600000, 0x0000000085600000|100%| O|  |TAMS 0x0000000085500000, 0x0000000085500000| Untracked 
|  60|0x0000000085600000, 0x0000000085600000, 0x0000000085700000|  0%| F|  |TAMS 0x0000000085600000, 0x0000000085600000| Untracked 
|  61|0x0000000085700000, 0x0000000085700000, 0x0000000085800000|  0%| F|  |TAMS 0x0000000085700000, 0x0000000085700000| Untracked 
|  62|0x0000000085800000, 0x0000000085800000, 0x0000000085900000|  0%| F|  |TAMS 0x0000000085800000, 0x0000000085800000| Untracked 
|  63|0x0000000085900000, 0x0000000085900000, 0x0000000085a00000|  0%| F|  |TAMS 0x0000000085900000, 0x0000000085900000| Untracked 
|  64|0x0000000085a00000, 0x0000000085a00000, 0x0000000085b00000|  0%| F|  |TAMS 0x0000000085a00000, 0x0000000085a00000| Untracked 
|  65|0x0000000085b00000, 0x0000000085b00000, 0x0000000085c00000|  0%| F|  |TAMS 0x0000000085b00000, 0x0000000085b00000| Untracked 
|  66|0x0000000085c00000, 0x0000000085c00000, 0x0000000085d00000|  0%| F|  |TAMS 0x0000000085c00000, 0x0000000085c00000| Untracked 
|  67|0x0000000085d00000, 0x0000000085d00000, 0x0000000085e00000|  0%| F|  |TAMS 0x0000000085d00000, 0x0000000085d00000| Untracked 
|  68|0x0000000085e00000, 0x0000000085e00000, 0x0000000085f00000|  0%| F|  |TAMS 0x0000000085e00000, 0x0000000085e00000| Untracked 
|  69|0x0000000085f00000, 0x0000000085f00000, 0x0000000086000000|  0%| F|  |TAMS 0x0000000085f00000, 0x0000000085f00000| Untracked 
|  70|0x0000000086000000, 0x0000000086000000, 0x0000000086100000|  0%| F|  |TAMS 0x0000000086000000, 0x0000000086000000| Untracked 
|  71|0x0000000086100000, 0x0000000086100000, 0x0000000086200000|  0%| F|  |TAMS 0x0000000086100000, 0x0000000086100000| Untracked 
|  72|0x0000000086200000, 0x0000000086200000, 0x0000000086300000|  0%| F|  |TAMS 0x0000000086200000, 0x0000000086200000| Untracked 
|  73|0x0000000086300000, 0x0000000086400000, 0x0000000086400000|100%| S|CS|TAMS 0x0000000086300000, 0x0000000086300000| Complete 
|  74|0x0000000086400000, 0x0000000086400000, 0x0000000086500000|  0%| F|  |TAMS 0x0000000086400000, 0x0000000086400000| Untracked 
|  75|0x0000000086500000, 0x0000000086500000, 0x0000000086600000|  0%| F|  |TAMS 0x0000000086500000, 0x0000000086500000| Untracked 
|  76|0x0000000086600000, 0x0000000086600000, 0x0000000086700000|  0%| F|  |TAMS 0x0000000086600000, 0x0000000086600000| Untracked 
|  77|0x0000000086700000, 0x0000000086700000, 0x0000000086800000|  0%| F|  |TAMS 0x0000000086700000, 0x0000000086700000| Untracked 
|  78|0x0000000086800000, 0x0000000086800000, 0x0000000086900000|  0%| F|  |TAMS 0x0000000086800000, 0x0000000086800000| Untracked 
|  79|0x0000000086900000, 0x0000000086900000, 0x0000000086a00000|  0%| F|  |TAMS 0x0000000086900000, 0x0000000086900000| Untracked 
|  80|0x0000000086a00000, 0x0000000086a00000, 0x0000000086b00000|  0%| F|  |TAMS 0x0000000086a00000, 0x0000000086a00000| Untracked 
|  81|0x0000000086b00000, 0x0000000086b00000, 0x0000000086c00000|  0%| F|  |TAMS 0x0000000086b00000, 0x0000000086b00000| Untracked 
|  82|0x0000000086c00000, 0x0000000086c00000, 0x0000000086d00000|  0%| F|  |TAMS 0x0000000086c00000, 0x0000000086c00000| Untracked 
|  83|0x0000000086d00000, 0x0000000086d00000, 0x0000000086e00000|  0%| F|  |TAMS 0x0000000086d00000, 0x0000000086d00000| Untracked 
|  84|0x0000000086e00000, 0x0000000086e00000, 0x0000000086f00000|  0%| F|  |TAMS 0x0000000086e00000, 0x0000000086e00000| Untracked 
|  85|0x0000000086f00000, 0x0000000086f00000, 0x0000000087000000|  0%| F|  |TAMS 0x0000000086f00000, 0x0000000086f00000| Untracked 
|  86|0x0000000087000000, 0x0000000087000000, 0x0000000087100000|  0%| F|  |TAMS 0x0000000087000000, 0x0000000087000000| Untracked 
|  87|0x0000000087100000, 0x0000000087100000, 0x0000000087200000|  0%| F|  |TAMS 0x0000000087100000, 0x0000000087100000| Untracked 
|  88|0x0000000087200000, 0x0000000087200000, 0x0000000087300000|  0%| F|  |TAMS 0x0000000087200000, 0x0000000087200000| Untracked 
|  89|0x0000000087300000, 0x0000000087300000, 0x0000000087400000|  0%| F|  |TAMS 0x0000000087300000, 0x0000000087300000| Untracked 
|  90|0x0000000087400000, 0x0000000087400000, 0x0000000087500000|  0%| F|  |TAMS 0x0000000087400000, 0x0000000087400000| Untracked 
|  91|0x0000000087500000, 0x0000000087500000, 0x0000000087600000|  0%| F|  |TAMS 0x0000000087500000, 0x0000000087500000| Untracked 
|  92|0x0000000087600000, 0x0000000087600000, 0x0000000087700000|  0%| F|  |TAMS 0x0000000087600000, 0x0000000087600000| Untracked 
|  93|0x0000000087700000, 0x0000000087700000, 0x0000000087800000|  0%| F|  |TAMS 0x0000000087700000, 0x0000000087700000| Untracked 
|  94|0x0000000087800000, 0x0000000087800000, 0x0000000087900000|  0%| F|  |TAMS 0x0000000087800000, 0x0000000087800000| Untracked 
|  95|0x0000000087900000, 0x0000000087900000, 0x0000000087a00000|  0%| F|  |TAMS 0x0000000087900000, 0x0000000087900000| Untracked 
|  96|0x0000000087a00000, 0x0000000087a00000, 0x0000000087b00000|  0%| F|  |TAMS 0x0000000087a00000, 0x0000000087a00000| Untracked 
|  97|0x0000000087b00000, 0x0000000087b00000, 0x0000000087c00000|  0%| F|  |TAMS 0x0000000087b00000, 0x0000000087b00000| Untracked 
|  98|0x0000000087c00000, 0x0000000087c00000, 0x0000000087d00000|  0%| F|  |TAMS 0x0000000087c00000, 0x0000000087c00000| Untracked 
|  99|0x0000000087d00000, 0x0000000087d00000, 0x0000000087e00000|  0%| F|  |TAMS 0x0000000087d00000, 0x0000000087d00000| Untracked 
| 100|0x0000000087e00000, 0x0000000087e00000, 0x0000000087f00000|  0%| F|  |TAMS 0x0000000087e00000, 0x0000000087e00000| Untracked 
| 101|0x0000000087f00000, 0x0000000087f00000, 0x0000000088000000|  0%| F|  |TAMS 0x0000000087f00000, 0x0000000087f00000| Untracked 
| 102|0x0000000088000000, 0x0000000088000000, 0x0000000088100000|  0%| F|  |TAMS 0x0000000088000000, 0x0000000088000000| Untracked 
| 103|0x0000000088100000, 0x0000000088100000, 0x0000000088200000|  0%| F|  |TAMS 0x0000000088100000, 0x0000000088100000| Untracked 
| 104|0x0000000088200000, 0x0000000088200000, 0x0000000088300000|  0%| F|  |TAMS 0x0000000088200000, 0x0000000088200000| Untracked 
| 105|0x0000000088300000, 0x0000000088300000, 0x0000000088400000|  0%| F|  |TAMS 0x0000000088300000, 0x0000000088300000| Untracked 
| 106|0x0000000088400000, 0x0000000088400000, 0x0000000088500000|  0%| F|  |TAMS 0x0000000088400000, 0x0000000088400000| Untracked 
| 107|0x0000000088500000, 0x0000000088500000, 0x0000000088600000|  0%| F|  |TAMS 0x0000000088500000, 0x0000000088500000| Untracked 
| 108|0x0000000088600000, 0x0000000088600000, 0x0000000088700000|  0%| F|  |TAMS 0x0000000088600000, 0x0000000088600000| Untracked 
| 109|0x0000000088700000, 0x0000000088700000, 0x0000000088800000|  0%| F|  |TAMS 0x0000000088700000, 0x0000000088700000| Untracked 
| 110|0x0000000088800000, 0x0000000088800000, 0x0000000088900000|  0%| F|  |TAMS 0x0000000088800000, 0x0000000088800000| Untracked 
| 111|0x0000000088900000, 0x0000000088900000, 0x0000000088a00000|  0%| F|  |TAMS 0x0000000088900000, 0x0000000088900000| Untracked 
| 112|0x0000000088a00000, 0x0000000088a00000, 0x0000000088b00000|  0%| F|  |TAMS 0x0000000088a00000, 0x0000000088a00000| Untracked 
| 113|0x0000000088b00000, 0x0000000088b00000, 0x0000000088c00000|  0%| F|  |TAMS 0x0000000088b00000, 0x0000000088b00000| Untracked 
| 114|0x0000000088c00000, 0x0000000088c00000, 0x0000000088d00000|  0%| F|  |TAMS 0x0000000088c00000, 0x0000000088c00000| Untracked 
| 115|0x0000000088d00000, 0x0000000088d00000, 0x0000000088e00000|  0%| F|  |TAMS 0x0000000088d00000, 0x0000000088d00000| Untracked 
| 116|0x0000000088e00000, 0x0000000088e00000, 0x0000000088f00000|  0%| F|  |TAMS 0x0000000088e00000, 0x0000000088e00000| Untracked 
| 117|0x0000000088f00000, 0x0000000088f00000, 0x0000000089000000|  0%| F|  |TAMS 0x0000000088f00000, 0x0000000088f00000| Untracked 
| 118|0x0000000089000000, 0x0000000089000000, 0x0000000089100000|  0%| F|  |TAMS 0x0000000089000000, 0x0000000089000000| Untracked 
| 119|0x0000000089100000, 0x0000000089100000, 0x0000000089200000|  0%| F|  |TAMS 0x0000000089100000, 0x0000000089100000| Untracked 
| 120|0x0000000089200000, 0x0000000089300000, 0x0000000089300000|100%| E|  |TAMS 0x0000000089200000, 0x0000000089200000| Complete 
| 121|0x0000000089300000, 0x0000000089400000, 0x0000000089400000|100%| E|CS|TAMS 0x0000000089300000, 0x0000000089300000| Complete 
| 122|0x0000000089400000, 0x0000000089500000, 0x0000000089500000|100%| E|CS|TAMS 0x0000000089400000, 0x0000000089400000| Complete 
| 123|0x0000000089500000, 0x0000000089600000, 0x0000000089600000|100%| E|CS|TAMS 0x0000000089500000, 0x0000000089500000| Complete 
| 124|0x0000000089600000, 0x0000000089700000, 0x0000000089700000|100%| E|CS|TAMS 0x0000000089600000, 0x0000000089600000| Complete 
| 125|0x0000000089700000, 0x0000000089800000, 0x0000000089800000|100%| E|CS|TAMS 0x0000000089700000, 0x0000000089700000| Complete 
| 126|0x0000000089800000, 0x0000000089900000, 0x0000000089900000|100%| E|CS|TAMS 0x0000000089800000, 0x0000000089800000| Complete 
| 127|0x0000000089900000, 0x0000000089a00000, 0x0000000089a00000|100%| E|CS|TAMS 0x0000000089900000, 0x0000000089900000| Complete 
| 128|0x0000000089a00000, 0x0000000089b00000, 0x0000000089b00000|100%| E|CS|TAMS 0x0000000089a00000, 0x0000000089a00000| Complete 
| 129|0x0000000089b00000, 0x0000000089c00000, 0x0000000089c00000|100%| E|CS|TAMS 0x0000000089b00000, 0x0000000089b00000| Complete 
| 130|0x0000000089c00000, 0x0000000089d00000, 0x0000000089d00000|100%| E|CS|TAMS 0x0000000089c00000, 0x0000000089c00000| Complete 
| 131|0x0000000089d00000, 0x0000000089e00000, 0x0000000089e00000|100%| E|CS|TAMS 0x0000000089d00000, 0x0000000089d00000| Complete 
| 132|0x0000000089e00000, 0x0000000089f00000, 0x0000000089f00000|100%| E|CS|TAMS 0x0000000089e00000, 0x0000000089e00000| Complete 
| 133|0x0000000089f00000, 0x000000008a000000, 0x000000008a000000|100%| E|CS|TAMS 0x0000000089f00000, 0x0000000089f00000| Complete 
| 134|0x000000008a000000, 0x000000008a100000, 0x000000008a100000|100%|HS|  |TAMS 0x000000008a000000, 0x000000008a000000| Complete 
| 135|0x000000008a100000, 0x000000008a200000, 0x000000008a200000|100%|HC|  |TAMS 0x000000008a100000, 0x000000008a100000| Complete 
| 136|0x000000008a200000, 0x000000008a300000, 0x000000008a300000|100%|HC|  |TAMS 0x000000008a200000, 0x000000008a200000| Complete 
| 137|0x000000008a300000, 0x000000008a400000, 0x000000008a400000|100%|HC|  |TAMS 0x000000008a300000, 0x000000008a300000| Complete 
| 138|0x000000008a400000, 0x000000008a500000, 0x000000008a500000|100%|HC|  |TAMS 0x000000008a400000, 0x000000008a400000| Complete 
| 139|0x000000008a500000, 0x000000008a600000, 0x000000008a600000|100%|HC|  |TAMS 0x000000008a500000, 0x000000008a500000| Complete 
| 140|0x000000008a600000, 0x000000008a700000, 0x000000008a700000|100%|HC|  |TAMS 0x000000008a600000, 0x000000008a600000| Complete 
| 141|0x000000008a700000, 0x000000008a800000, 0x000000008a800000|100%|HC|  |TAMS 0x000000008a700000, 0x000000008a700000| Complete 
| 142|0x000000008a800000, 0x000000008a900000, 0x000000008a900000|100%|HC|  |TAMS 0x000000008a800000, 0x000000008a800000| Complete 
|2020|0x00000000ffe00000, 0x00000000fff00000, 0x00000000fff00000|100%| O|  |TAMS 0x00000000ffe00000, 0x00000000ffe00000| Untracked 
|2021|0x00000000fff00000, 0x0000000100000000, 0x0000000100000000|100%| O|  |TAMS 0x00000000fff00000, 0x00000000fff00000| Untracked 

Card table byte_map: [0x00000166e17e0000,0x00000166e1be0000] _byte_map_base: 0x00000166e13d3000

Marking Bits (Prev, Next): (CMBitMap*) 0x00000166cea14b80, (CMBitMap*) 0x00000166cea14bc0
 Prev Bits: [0x00000166e1fe0000, 0x00000166e3f78000)
 Next Bits: [0x00000166e3f80000, 0x00000166e5f18000)

Polling page: 0x00000166ccb60000

Metaspace:

Usage:
  Non-class:     16.90 MB capacity,    16.82 MB (>99%) used,    57.05 KB ( <1%) free+waste,    20.75 KB ( <1%) overhead. 
      Class:      1.85 MB capacity,     1.78 MB ( 96%) used,    66.49 KB (  4%) free+waste,     6.75 KB ( <1%) overhead. 
       Both:     18.75 MB capacity,    18.60 MB (>99%) used,   123.54 KB ( <1%) free+waste,    27.50 KB ( <1%) overhead. 

Virtual space:
  Non-class space:       18.00 MB reserved,      17.00 MB ( 94%) committed 
      Class space:        1.00 GB reserved,       1.88 MB ( <1%) committed 
             Both:        1.02 GB reserved,      18.88 MB (  2%) committed 

Chunk freelists:
   Non-Class:  41.00 KB
       Class:  26.00 KB
        Both:  67.00 KB

MaxMetaspaceSize: 17179869184.00 GB
CompressedClassSpaceSize: 1.00 GB

CodeHeap 'non-profiled nmethods': size=120000Kb used=2092Kb max_used=2092Kb free=117907Kb
 bounds [0x00000166d9eb0000, 0x00000166da120000, 0x00000166e13e0000]
CodeHeap 'profiled nmethods': size=120000Kb used=3821Kb max_used=3821Kb free=116178Kb
 bounds [0x00000166d2980000, 0x00000166d2d40000, 0x00000166d9eb0000]
CodeHeap 'non-nmethods': size=5760Kb used=1387Kb max_used=1496Kb free=4372Kb
 bounds [0x00000166d23e0000, 0x00000166d2650000, 0x00000166d2980000]
 total_blobs=2788 nmethods=2192 adapters=507
 compilation: enabled
              stopped_count=0, restarted_count=0
 full_count=0

Compilation events (20 events):
Event: 17.825 Thread 0x00000166e8caf970 nmethod 2183 0x00000166da099190 code [0x00000166da099560, 0x00000166da09f488]
Event: 17.825 Thread 0x00000166e8caf970 2186   !   4       javax.swing.text.PlainView::getLineWidth (75 bytes)
Event: 17.851 Thread 0x00000166e8caf970 nmethod 2186 0x00000166da0a1a90 code [0x00000166da0a1ce0, 0x00000166da0a3898]
Event: 17.851 Thread 0x00000166e8caf970 2187       4       javax.swing.text.AbstractDocument$DefaultDocumentEvent::getChange (84 bytes)
Event: 17.856 Thread 0x00000166e8caf970 nmethod 2187 0x00000166da0a4990 code [0x00000166da0a4b40, 0x00000166da0a51f8]
Event: 17.856 Thread 0x00000166e8caf970 2184       4       javax.swing.JComponent::repaint (19 bytes)
Event: 17.865 Thread 0x00000166e8caf970 nmethod 2184 0x00000166da0a5610 code [0x00000166da0a5800, 0x00000166da0a61a8]
Event: 17.865 Thread 0x00000166e8caf970 2185       4       javax.swing.RepaintManager::addDirtyRegion (37 bytes)
Event: 17.870 Thread 0x00000166e8caf970 nmethod 2185 0x00000166da0a6910 code [0x00000166da0a6ae0, 0x00000166da0a6f38]
Event: 17.870 Thread 0x00000166e8caf970 2188       4       javax.swing.text.View::preferenceChanged (20 bytes)
Event: 17.871 Thread 0x00000166e8caf970 nmethod 2188 0x00000166da0a7290 code [0x00000166da0a7420, 0x00000166da0a75c8]
Event: 17.871 Thread 0x00000166e8caf970 2189       4       javax.swing.plaf.basic.BasicTextUI$RootView::preferenceChanged (11 bytes)
Event: 17.872 Thread 0x00000166e8caf970 nmethod 2189 0x00000166da0a7790 code [0x00000166da0a7920, 0x00000166da0a7a48]
Event: 18.173 Thread 0x00000166ed877e50 nmethod 2182 0x00000166da0a7b90 code [0x00000166da0a8300, 0x00000166da0b4408]
Event: 24.774 Thread 0x00000166e8cb0270 2191       3       sun.awt.PeerEvent::<init> (16 bytes)
Event: 24.774 Thread 0x00000166e8cb0270 nmethod 2191 0x00000166d2d3a510 code [0x00000166d2d3a6c0, 0x00000166d2d3a828]
Event: 24.782 Thread 0x00000166e8cb0270 2192       3       sun.awt.PeerEvent::<init> (10 bytes)
Event: 24.782 Thread 0x00000166e8cb0270 nmethod 2192 0x00000166d2d3a910 code [0x00000166d2d3aac0, 0x00000166d2d3ac28]
Event: 24.782 Thread 0x00000166e8cb0270 2193       3       sun.awt.SunToolkit::executeOnEventHandlerThread (12 bytes)
Event: 24.782 Thread 0x00000166e8cb0270 nmethod 2193 0x00000166d2d3ad10 code [0x00000166d2d3af00, 0x00000166d2d3b508]

GC Heap History (20 events):
Event: 0.741 GC heap before
{Heap before GC invocations=0 (full 0):
 garbage-first heap   total 131072K, used 15360K [0x0000000081a00000, 0x0000000100000000)
  region size 1024K, 13 young (13312K), 0 survivors (0K)
 Metaspace       used 16546K, capacity 16733K, committed 16896K, reserved 1064960K
  class space    used 1656K, capacity 1734K, committed 1792K, reserved 1048576K
}
Event: 0.745 GC heap after
{Heap after GC invocations=1 (full 0):
 garbage-first heap   total 131072K, used 2652K [0x0000000081a00000, 0x0000000100000000)
  region size 1024K, 2 young (2048K), 2 survivors (2048K)
 Metaspace       used 16546K, capacity 16733K, committed 16896K, reserved 1064960K
  class space    used 1656K, capacity 1734K, committed 1792K, reserved 1048576K
}
Event: 8.531 GC heap before
{Heap before GC invocations=1 (full 0):
 garbage-first heap   total 131072K, used 18012K [0x0000000081a00000, 0x0000000100000000)
  region size 1024K, 18 young (18432K), 2 survivors (2048K)
 Metaspace       used 18831K, capacity 19005K, committed 19072K, reserved 1067008K
  class space    used 1817K, capacity 1894K, committed 1920K, reserved 1048576K
}
Event: 8.536 GC heap after
{Heap after GC invocations=2 (full 0):
 garbage-first heap   total 131072K, used 5068K [0x0000000081a00000, 0x0000000100000000)
  region size 1024K, 2 young (2048K), 2 survivors (2048K)
 Metaspace       used 18831K, capacity 19005K, committed 19072K, reserved 1067008K
  class space    used 1817K, capacity 1894K, committed 1920K, reserved 1048576K
}
Event: 10.309 GC heap before
{Heap before GC invocations=2 (full 0):
 garbage-first heap   total 131072K, used 83916K [0x0000000081a00000, 0x0000000100000000)
  region size 1024K, 76 young (77824K), 2 survivors (2048K)
 Metaspace       used 18995K, capacity 19133K, committed 19328K, reserved 1067008K
  class space    used 1819K, capacity 1894K, committed 1920K, reserved 1048576K
}
Event: 10.319 GC heap after
{Heap after GC invocations=3 (full 0):
 garbage-first heap   total 131072K, used 12791K [0x0000000081a00000, 0x0000000100000000)
  region size 1024K, 7 young (7168K), 7 survivors (7168K)
 Metaspace       used 18995K, capacity 19133K, committed 19328K, reserved 1067008K
  class space    used 1819K, capacity 1894K, committed 1920K, reserved 1048576K
}
Event: 14.322 GC heap before
{Heap before GC invocations=3 (full 0):
 garbage-first heap   total 131072K, used 87543K [0x0000000081a00000, 0x0000000100000000)
  region size 1024K, 76 young (77824K), 7 survivors (7168K)
 Metaspace       used 19039K, capacity 19197K, committed 19328K, reserved 1067008K
  class space    used 1819K, capacity 1894K, committed 1920K, reserved 1048576K
}
Event: 14.331 GC heap after
{Heap after GC invocations=4 (full 0):
 garbage-first heap   total 131072K, used 17344K [0x0000000081a00000, 0x0000000100000000)
  region size 1024K, 3 young (3072K), 3 survivors (3072K)
 Metaspace       used 19039K, capacity 19197K, committed 19328K, reserved 1067008K
  class space    used 1819K, capacity 1894K, committed 1920K, reserved 1048576K
}
Event: 16.534 GC heap before
{Heap before GC invocations=4 (full 0):
 garbage-first heap   total 131072K, used 97216K [0x0000000081a00000, 0x0000000100000000)
  region size 1024K, 76 young (77824K), 3 survivors (3072K)
 Metaspace       used 19039K, capacity 19197K, committed 19328K, reserved 1067008K
  class space    used 1819K, capacity 1894K, committed 1920K, reserved 1048576K
}
Event: 16.544 GC heap after
{Heap after GC invocations=5 (full 0):
 garbage-first heap   total 131072K, used 23228K [0x0000000081a00000, 0x0000000100000000)
  region size 1024K, 7 young (7168K), 7 survivors (7168K)
 Metaspace       used 19039K, capacity 19197K, committed 19328K, reserved 1067008K
  class space    used 1819K, capacity 1894K, committed 1920K, reserved 1048576K
}
Event: 16.902 GC heap before
{Heap before GC invocations=5 (full 0):
 garbage-first heap   total 131072K, used 101052K [0x0000000081a00000, 0x0000000100000000)
  region size 1024K, 76 young (77824K), 7 survivors (7168K)
 Metaspace       used 19039K, capacity 19197K, committed 19328K, reserved 1067008K
  class space    used 1819K, capacity 1894K, committed 1920K, reserved 1048576K
}
Event: 16.924 GC heap after
{Heap after GC invocations=6 (full 0):
 garbage-first heap   total 131072K, used 33749K [0x0000000081a00000, 0x0000000100000000)
  region size 1024K, 10 young (10240K), 10 survivors (10240K)
 Metaspace       used 19039K, capacity 19197K, committed 19328K, reserved 1067008K
  class space    used 1819K, capacity 1894K, committed 1920K, reserved 1048576K
}
Event: 17.268 GC heap before
{Heap before GC invocations=6 (full 0):
 garbage-first heap   total 131072K, used 119765K [0x0000000081a00000, 0x0000000100000000)
  region size 1024K, 76 young (77824K), 10 survivors (10240K)
 Metaspace       used 19039K, capacity 19197K, committed 19328K, reserved 1067008K
  class space    used 1819K, capacity 1894K, committed 1920K, reserved 1048576K
}
Event: 17.290 GC heap after
{Heap after GC invocations=7 (full 0):
 garbage-first heap   total 139264K, used 49317K [0x0000000081a00000, 0x0000000100000000)
  region size 1024K, 8 young (8192K), 8 survivors (8192K)
 Metaspace       used 19039K, capacity 19197K, committed 19328K, reserved 1067008K
  class space    used 1819K, capacity 1894K, committed 1920K, reserved 1048576K
}
Event: 17.593 GC heap before
{Heap before GC invocations=7 (full 0):
 garbage-first heap   total 148480K, used 126117K [0x0000000081a00000, 0x0000000100000000)
  region size 1024K, 66 young (67584K), 8 survivors (8192K)
 Metaspace       used 19039K, capacity 19197K, committed 19328K, reserved 1067008K
  class space    used 1819K, capacity 1894K, committed 1920K, reserved 1048576K
}
Event: 17.611 GC heap after
{Heap after GC invocations=8 (full 0):
 garbage-first heap   total 148480K, used 58758K [0x0000000081a00000, 0x0000000100000000)
  region size 1024K, 8 young (8192K), 8 survivors (8192K)
 Metaspace       used 19039K, capacity 19197K, committed 19328K, reserved 1067008K
  class space    used 1819K, capacity 1894K, committed 1920K, reserved 1048576K
}
Event: 21.604 GC heap before
{Heap before GC invocations=8 (full 0):
 garbage-first heap   total 148480K, used 117126K [0x0000000081a00000, 0x0000000100000000)
  region size 1024K, 65 young (66560K), 8 survivors (8192K)
 Metaspace       used 19039K, capacity 19197K, committed 19328K, reserved 1067008K
  class space    used 1819K, capacity 1894K, committed 1920K, reserved 1048576K
}
Event: 21.612 GC heap after
{Heap after GC invocations=9 (full 0):
 garbage-first heap   total 148480K, used 59813K [0x0000000081a00000, 0x0000000100000000)
  region size 1024K, 2 young (2048K), 2 survivors (2048K)
 Metaspace       used 19039K, capacity 19197K, committed 19328K, reserved 1067008K
  class space    used 1819K, capacity 1894K, committed 1920K, reserved 1048576K
}
Event: 25.997 GC heap before
{Heap before GC invocations=9 (full 0):
 garbage-first heap   total 148480K, used 119205K [0x0000000081a00000, 0x0000000100000000)
  region size 1024K, 60 young (61440K), 2 survivors (2048K)
 Metaspace       used 19045K, capacity 19197K, committed 19328K, reserved 1067008K
  class space    used 1820K, capacity 1894K, committed 1920K, reserved 1048576K
}
Event: 25.999 GC heap after
{Heap after GC invocations=10 (full 0):
 garbage-first heap   total 148480K, used 59134K [0x0000000081a00000, 0x0000000100000000)
  region size 1024K, 1 young (1024K), 1 survivors (1024K)
 Metaspace       used 19045K, capacity 19197K, committed 19328K, reserved 1067008K
  class space    used 1820K, capacity 1894K, committed 1920K, reserved 1048576K
}

Deoptimization events (20 events):
Event: 17.619 Thread 0x00000166e99efd70 Uncommon trap: trap_request=0xffffff45 fr.pc=0x00000166d9f115a8 relative=0x0000000000000268
Event: 17.619 Thread 0x00000166e99efd70 Uncommon trap: reason=unstable_if action=reinterpret pc=0x00000166d9f115a8 method=sun.font.CompositeGlyphMapper.charToGlyph(I)I @ 8 c2
Event: 17.619 Thread 0x00000166e99efd70 DEOPT PACKING pc=0x00000166d9f115a8 sp=0x0000005639afe800
Event: 17.619 Thread 0x00000166e99efd70 DEOPT UNPACKING pc=0x00000166d242e42f sp=0x0000005639afe740 mode 2
Event: 17.619 Thread 0x00000166e99efd70 Uncommon trap: trap_request=0xffffff45 fr.pc=0x00000166d9f6d1d4 relative=0x0000000000001ed4
Event: 17.619 Thread 0x00000166e99efd70 Uncommon trap: reason=unstable_if action=reinterpret pc=0x00000166d9f6d1d4 method=javax.swing.text.PlainView.updateDamage(Ljavax/swing/event/DocumentEvent;Ljava/awt/Shape;Ljavax/swing/text/ViewFactory;)V @ 125 c2
Event: 17.619 Thread 0x00000166e99efd70 DEOPT PACKING pc=0x00000166d9f6d1d4 sp=0x0000005639afec20
Event: 17.620 Thread 0x00000166e99efd70 DEOPT UNPACKING pc=0x00000166d242e42f sp=0x0000005639afec60 mode 2
Event: 17.694 Thread 0x00000166e99efd70 Uncommon trap: trap_request=0xffffff45 fr.pc=0x00000166d9f3020c relative=0x0000000000000f4c
Event: 17.694 Thread 0x00000166e99efd70 Uncommon trap: reason=unstable_if action=reinterpret pc=0x00000166d9f3020c method=javax.swing.text.GapContent.getChars(IILjavax/swing/text/Segment;)V @ 84 c2
Event: 17.694 Thread 0x00000166e99efd70 DEOPT PACKING pc=0x00000166d9f3020c sp=0x0000005639afeb50
Event: 17.694 Thread 0x00000166e99efd70 DEOPT UNPACKING pc=0x00000166d242e42f sp=0x0000005639afea28 mode 2
Event: 17.694 Thread 0x00000166e99efd70 Uncommon trap: trap_request=0xffffff45 fr.pc=0x00000166da0936f4 relative=0x00000000000003b4
Event: 17.694 Thread 0x00000166e99efd70 Uncommon trap: reason=unstable_if action=reinterpret pc=0x00000166da0936f4 method=javax.swing.text.PlainView.calculateLongestLine()V @ 53 c2
Event: 17.694 Thread 0x00000166e99efd70 DEOPT PACKING pc=0x00000166da0936f4 sp=0x0000005639afec10
Event: 17.694 Thread 0x00000166e99efd70 DEOPT UNPACKING pc=0x00000166d242e42f sp=0x0000005639afebb8 mode 2
Event: 27.004 Thread 0x00000166e982ddb0 Uncommon trap: trap_request=0xffffff45 fr.pc=0x00000166d9f7ff3c relative=0x000000000000295c
Event: 27.004 Thread 0x00000166e982ddb0 Uncommon trap: reason=unstable_if action=reinterpret pc=0x00000166d9f7ff3c method=sun.font.GlyphList.ensureCapacity(I)V @ 49 c2
Event: 27.004 Thread 0x00000166e982ddb0 DEOPT PACKING pc=0x00000166d9f7ff3c sp=0x000000563a0fde10
Event: 27.004 Thread 0x00000166e982ddb0 DEOPT UNPACKING pc=0x00000166d242e42f sp=0x000000563a0fdc20 mode 2

Classes unloaded (0 events):
No events

Classes redefined (0 events):
No events

Internal exceptions (15 events):
Event: 0.242 Thread 0x00000166ce9d3190 Exception <a 'java/lang/NoSuchMethodError'{0x0000000089742838}: 'void java.lang.invoke.DirectMethodHandle$Holder.invokeStatic(java.lang.Object, java.lang.Object)'> (0x0000000089742838) 
thrown [./open/src/hotspot/share/interpreter/linkResolver.cpp, line 782]
Event: 0.243 Thread 0x00000166ce9d3190 Exception <a 'java/lang/NoSuchMethodError'{0x0000000089746730}: 'void java.lang.invoke.DirectMethodHandle$Holder.invokeStaticInit(java.lang.Object, java.lang.Object)'> (0x0000000089746730) 
thrown [./open/src/hotspot/share/interpreter/linkResolver.cpp, line 782]
Event: 0.350 Thread 0x00000166ce9d3190 Exception <a 'java/lang/NoSuchMethodError'{0x00000000895266a0}: 'java.lang.Object java.lang.invoke.DirectMethodHandle$Holder.invokeStatic(java.lang.Object)'> (0x00000000895266a0) 
thrown [./open/src/hotspot/share/interpreter/linkResolver.cpp, line 782]
Event: 0.404 Thread 0x00000166ce9d3190 Exception <a 'java/lang/NoSuchMethodError'{0x000000008948b408}: 'void java.lang.invoke.DirectMethodHandle$Holder.invokeSpecial(java.lang.Object, java.lang.Object, java.lang.Object)'> (0x000000008948b408) 
thrown [./open/src/hotspot/share/interpreter/linkResolver.cpp, line 782]
Event: 0.413 Thread 0x00000166ce9d3190 Exception <a 'java/lang/ClassNotFoundException'{0x00000000894cc018}: sun/awt/resources/spi/awtProvider> (0x00000000894cc018) 
thrown [./open/src/hotspot/share/classfile/systemDictionary.cpp, line 295]
Event: 0.431 Thread 0x00000166ce9d3190 Exception <a 'java/io/FileNotFoundException'{0x000000008932a8a8}> (0x000000008932a8a8) 
thrown [./open/src/hotspot/share/prims/jni.cpp, line 578]
Event: 0.438 Thread 0x00000166ce9d3190 Exception <a 'java/io/FileNotFoundException'{0x000000008935b7e8}> (0x000000008935b7e8) 
thrown [./open/src/hotspot/share/prims/jni.cpp, line 578]
Event: 0.482 Thread 0x00000166ce9d3190 Exception <a 'java/lang/NoSuchMethodError'{0x0000000089292810}: 'java.lang.Object java.lang.invoke.DirectMethodHandle$Holder.invokeStaticInit(java.lang.Object)'> (0x0000000089292810) 
thrown [./open/src/hotspot/share/interpreter/linkResolver.cpp, line 782]
Event: 0.527 Thread 0x00000166ce9d3190 Exception <a 'java/lang/NoSuchMethodError'{0x00000000891c6b80}: 'java.lang.Object java.lang.invoke.DirectMethodHandle$Holder.newInvokeSpecial(java.lang.Object, java.lang.Object, java.lang.Object, java.lang.Object, java.lang.Object)'> (0x00000000891c6b80) 
thrown [./open/src/hotspot/share/interpreter/linkResolver.cpp, line 782]
Event: 0.529 Thread 0x00000166ce9d3190 Exception <a 'java/lang/NoSuchMethodError'{0x00000000891d2610}: 'java.lang.Object java.lang.invoke.DirectMethodHandle$Holder.invokeStatic(java.lang.Object, int, java.lang.Object, java.lang.Object, java.lang.Object, java.lang.Object)'> (0x00000000891d2610) 
thrown [./open/src/hotspot/share/interpreter/linkResolver.cpp, line 782]
Event: 0.533 Thread 0x00000166ce9d3190 Exception <a 'java/lang/NoSuchMethodError'{0x00000000891f9168}: 'java.lang.Object java.lang.invoke.DirectMethodHandle$Holder.invokeStatic(java.lang.Object, int, java.lang.Object)'> (0x00000000891f9168) 
thrown [./open/src/hotspot/share/interpreter/linkResolver.cpp, line 782]
Event: 0.556 Thread 0x00000166ce9d3190 Exception <a 'java/lang/ClassNotFoundException'{0x00000000890c0b08}: com/sun/swing/internal/plaf/metal/resources/spi/metalProvider> (0x00000000890c0b08) 
thrown [./open/src/hotspot/share/classfile/systemDictionary.cpp, line 295]
Event: 0.557 Thread 0x00000166ce9d3190 Exception <a 'java/lang/ClassNotFoundException'{0x00000000890c75b8}: com/sun/swing/internal/plaf/basic/resources/spi/basicProvider> (0x00000000890c75b8) 
thrown [./open/src/hotspot/share/classfile/systemDictionary.cpp, line 295]
Event: 0.606 Thread 0x00000166ce9d3190 Exception <a 'java/io/FileNotFoundException'{0x0000000088e0bcb0}> (0x0000000088e0bcb0) 
thrown [./open/src/hotspot/share/prims/jni.cpp, line 578]
Event: 0.682 Thread 0x00000166ce9d3190 Exception <a 'java/lang/NoSuchMethodError'{0x0000000088d83e70}: 'void java.lang.invoke.DirectMethodHandle$Holder.invokeStaticInit(java.lang.Object)'> (0x0000000088d83e70) 
thrown [./open/src/hotspot/share/interpreter/linkResolver.cpp, line 782]

Events (20 events):
Event: 17.611 Executing VM operation: HandshakeAllThreads
Event: 17.611 Executing VM operation: HandshakeAllThreads done
Event: 17.612 Thread 0x00000166ed877e50 Thread added: 0x00000166ed877e50
Event: 19.612 Executing VM operation: HandshakeAllThreads
Event: 19.612 Executing VM operation: HandshakeAllThreads done
Event: 21.604 Executing VM operation: G1CollectForAllocation
Event: 21.612 Executing VM operation: G1CollectForAllocation done
Event: 23.174 Thread 0x00000166ed877e50 Thread exited: 0x00000166ed877e50
Event: 24.700 loading class sun/awt/windows/WScrollPanePeer$Adjustor
Event: 24.700 loading class sun/awt/windows/WScrollPanePeer$Adjustor done
Event: 24.700 loading class sun/awt/windows/WScrollPanePeer$ScrollEvent
Event: 24.700 loading class sun/awt/windows/WScrollPanePeer$ScrollEvent done
Event: 24.701 Executing VM operation: HandshakeAllThreads
Event: 24.701 Executing VM operation: HandshakeAllThreads done
Event: 24.701 Executing VM operation: HandshakeAllThreads
Event: 24.701 Executing VM operation: HandshakeAllThreads done
Event: 25.701 Executing VM operation: HandshakeAllThreads
Event: 25.701 Executing VM operation: HandshakeAllThreads done
Event: 25.997 Executing VM operation: G1CollectForAllocation
Event: 25.999 Executing VM operation: G1CollectForAllocation done


Dynamic libraries:
0x00007ff7eabb0000 - 0x00007ff7eabbd000 	D:\tools\sts-4.8.1.RELEASE\plugins\org.eclipse.justj.openjdk.hotspot.jre.full.win32.x86_64_15.0.0.v20201014-1246\jre\bin\javaw.exe
0x00007ff8f9a20000 - 0x00007ff8f9c10000 	C:\Windows\SYSTEM32\ntdll.dll
0x00007ff8f9740000 - 0x00007ff8f97f2000 	C:\Windows\System32\KERNEL32.DLL
0x00007ff8f7360000 - 0x00007ff8f7605000 	C:\Windows\System32\KERNELBASE.dll
0x00007ff8f7690000 - 0x00007ff8f778a000 	C:\Windows\System32\ucrtbase.dll
0x00007ff8e7980000 - 0x00007ff8e7998000 	D:\tools\sts-4.8.1.RELEASE\plugins\org.eclipse.justj.openjdk.hotspot.jre.full.win32.x86_64_15.0.0.v20201014-1246\jre\bin\jli.dll
0x00007ff8f7e80000 - 0x00007ff8f8015000 	C:\Windows\System32\USER32.dll
0x00007ff8f69b0000 - 0x00007ff8f69d1000 	C:\Windows\System32\win32u.dll
0x00007ff8f8de0000 - 0x00007ff8f8e06000 	C:\Windows\System32\GDI32.dll
0x00007ff8f69e0000 - 0x00007ff8f6b76000 	C:\Windows\System32\gdi32full.dll
0x00007ff8f79c0000 - 0x00007ff8f7a5e000 	C:\Windows\System32\msvcp_win.dll
0x00007ff8e4390000 - 0x00007ff8e43a9000 	D:\tools\sts-4.8.1.RELEASE\plugins\org.eclipse.justj.openjdk.hotspot.jre.full.win32.x86_64_15.0.0.v20201014-1246\jre\bin\VCRUNTIME140.dll
0x00007ff8e9d60000 - 0x00007ff8e9fe4000 	C:\Windows\WinSxS\amd64_microsoft.windows.common-controls_6595b64144ccf1df_6.0.18362.1082_none_9e8193e1e45b25c1\COMCTL32.dll
0x00007ff8f9150000 - 0x00007ff8f91ee000 	C:\Windows\System32\msvcrt.dll
0x00007ff8f8e10000 - 0x00007ff8f9145000 	C:\Windows\System32\combase.dll
0x00007ff8f7b70000 - 0x00007ff8f7c90000 	C:\Windows\System32\RPCRT4.dll
0x00007ff8f7610000 - 0x00007ff8f7690000 	C:\Windows\System32\bcryptPrimitives.dll
0x00007ff8f8020000 - 0x00007ff8f804e000 	C:\Windows\System32\IMM32.DLL
0x00007ff8f4aa0000 - 0x00007ff8f4aac000 	D:\tools\sts-4.8.1.RELEASE\plugins\org.eclipse.justj.openjdk.hotspot.jre.full.win32.x86_64_15.0.0.v20201014-1246\jre\bin\vcruntime140_1.dll
0x00007ff8d6270000 - 0x00007ff8d6301000 	D:\tools\sts-4.8.1.RELEASE\plugins\org.eclipse.justj.openjdk.hotspot.jre.full.win32.x86_64_15.0.0.v20201014-1246\jre\bin\msvcp140.dll
0x00007ff8b9130000 - 0x00007ff8b9c8c000 	D:\tools\sts-4.8.1.RELEASE\plugins\org.eclipse.justj.openjdk.hotspot.jre.full.win32.x86_64_15.0.0.v20201014-1246\jre\bin\server\jvm.dll
0x00007ff8f7dd0000 - 0x00007ff8f7e73000 	C:\Windows\System32\ADVAPI32.dll
0x00007ff8f7ad0000 - 0x00007ff8f7b67000 	C:\Windows\System32\sechost.dll
0x00007ff8f81d0000 - 0x00007ff8f81d8000 	C:\Windows\System32\PSAPI.DLL
0x00007ff8e9bd0000 - 0x00007ff8e9bd9000 	C:\Windows\SYSTEM32\WSOCK32.dll
0x00007ff8f91f0000 - 0x00007ff8f925f000 	C:\Windows\System32\WS2_32.dll
0x00007ff8f4900000 - 0x00007ff8f4924000 	C:\Windows\SYSTEM32\WINMM.dll
0x00007ff8ec3e0000 - 0x00007ff8ec3ea000 	C:\Windows\SYSTEM32\VERSION.dll
0x00007ff8f4880000 - 0x00007ff8f48ad000 	C:\Windows\SYSTEM32\WINMMBASE.dll
0x00007ff8f7a60000 - 0x00007ff8f7aaa000 	C:\Windows\System32\cfgmgr32.dll
0x00007ff8f6990000 - 0x00007ff8f69a1000 	C:\Windows\System32\kernel.appcore.dll
0x00007ff8e79f0000 - 0x00007ff8e79fa000 	D:\tools\sts-4.8.1.RELEASE\plugins\org.eclipse.justj.openjdk.hotspot.jre.full.win32.x86_64_15.0.0.v20201014-1246\jre\bin\jimage.dll
0x00007ff8f1d70000 - 0x00007ff8f1f64000 	C:\Windows\SYSTEM32\DBGHELP.DLL
0x00007ff8f1730000 - 0x00007ff8f175a000 	C:\Windows\SYSTEM32\dbgcore.DLL
0x00007ff8d52e0000 - 0x00007ff8d5319000 	D:\tools\sts-4.8.1.RELEASE\plugins\org.eclipse.justj.openjdk.hotspot.jre.full.win32.x86_64_15.0.0.v20201014-1246\jre\bin\jdwp.dll
0x00007ff8e79a0000 - 0x00007ff8e79ae000 	D:\tools\sts-4.8.1.RELEASE\plugins\org.eclipse.justj.openjdk.hotspot.jre.full.win32.x86_64_15.0.0.v20201014-1246\jre\bin\instrument.dll
0x00007ff8e6100000 - 0x00007ff8e6125000 	D:\tools\sts-4.8.1.RELEASE\plugins\org.eclipse.justj.openjdk.hotspot.jre.full.win32.x86_64_15.0.0.v20201014-1246\jre\bin\java.dll
0x00007ff8dffb0000 - 0x00007ff8dffc8000 	D:\tools\sts-4.8.1.RELEASE\plugins\org.eclipse.justj.openjdk.hotspot.jre.full.win32.x86_64_15.0.0.v20201014-1246\jre\bin\zip.dll
0x00007ff8f8670000 - 0x00007ff8f8d57000 	C:\Windows\System32\SHELL32.dll
0x00007ff8f8540000 - 0x00007ff8f85e9000 	C:\Windows\System32\shcore.dll
0x00007ff8f6b80000 - 0x00007ff8f7300000 	C:\Windows\System32\windows.storage.dll
0x00007ff8f6940000 - 0x00007ff8f6963000 	C:\Windows\System32\profapi.dll
0x00007ff8f68f0000 - 0x00007ff8f693a000 	C:\Windows\System32\powrprof.dll
0x00007ff8f68e0000 - 0x00007ff8f68f0000 	C:\Windows\System32\UMPDC.dll
0x00007ff8f8d80000 - 0x00007ff8f8dd2000 	C:\Windows\System32\shlwapi.dll
0x00007ff8f7ab0000 - 0x00007ff8f7ac7000 	C:\Windows\System32\cryptsp.dll
0x00007ff8f4a80000 - 0x00007ff8f4a8b000 	D:\tools\sts-4.8.1.RELEASE\plugins\org.eclipse.justj.openjdk.hotspot.jre.full.win32.x86_64_15.0.0.v20201014-1246\jre\bin\dt_socket.dll
0x00007ff8f5de0000 - 0x00007ff8f5e1a000 	C:\Windows\SYSTEM32\IPHLPAPI.DLL
0x00007ff8f60d0000 - 0x00007ff8f6137000 	C:\Windows\system32\mswsock.dll
0x00007ff8f5e20000 - 0x00007ff8f5eeb000 	C:\Windows\SYSTEM32\DNSAPI.dll
0x00007ff8f8460000 - 0x00007ff8f8468000 	C:\Windows\System32\NSI.dll
0x00007ff8ef1a0000 - 0x00007ff8ef1aa000 	C:\Windows\System32\rasadhlp.dll
0x00007ff8f10f0000 - 0x00007ff8f1167000 	C:\Windows\System32\fwpuclnt.dll
0x00007ff8f7990000 - 0x00007ff8f79b6000 	C:\Windows\System32\bcrypt.dll
0x00007ff8dff90000 - 0x00007ff8dffa9000 	D:\tools\sts-4.8.1.RELEASE\plugins\org.eclipse.justj.openjdk.hotspot.jre.full.win32.x86_64_15.0.0.v20201014-1246\jre\bin\net.dll
0x00007ff8f2920000 - 0x00007ff8f2a10000 	C:\Windows\SYSTEM32\WINHTTP.dll
0x00007ff8dcb10000 - 0x00007ff8dcb22000 	D:\tools\sts-4.8.1.RELEASE\plugins\org.eclipse.justj.openjdk.hotspot.jre.full.win32.x86_64_15.0.0.v20201014-1246\jre\bin\nio.dll
0x00007ff8e60f0000 - 0x00007ff8e6100000 	D:\tools\sts-4.8.1.RELEASE\plugins\org.eclipse.justj.openjdk.hotspot.jre.full.win32.x86_64_15.0.0.v20201014-1246\jre\bin\verify.dll
0x00007ff8c5190000 - 0x00007ff8c530f000 	D:\tools\sts-4.8.1.RELEASE\plugins\org.eclipse.justj.openjdk.hotspot.jre.full.win32.x86_64_15.0.0.v20201014-1246\jre\bin\awt.dll
0x00007ff8f8100000 - 0x00007ff8f81c5000 	C:\Windows\System32\OLEAUT32.dll
0x00007ff8f4b30000 - 0x00007ff8f4bbf000 	C:\Windows\SYSTEM32\apphelp.dll
0x00007ff8f5060000 - 0x00007ff8f508d000 	C:\Windows\system32\DWMAPI.DLL
0x00007ff8f4c30000 - 0x00007ff8f4cc9000 	C:\Windows\system32\uxtheme.dll
0x00007ff8e1680000 - 0x00007ff8e17d6000 	C:\Windows\system32\opengl32.dll
0x00007ff8e3840000 - 0x00007ff8e386c000 	C:\Windows\SYSTEM32\GLU32.dll
0x00007ff8f55a0000 - 0x00007ff8f55c0000 	C:\Windows\SYSTEM32\dxcore.dll
0x00007ff8f7c90000 - 0x00007ff8f7dc5000 	C:\Windows\System32\MSCTF.dll
0x00007ff8f9800000 - 0x00007ff8f9957000 	C:\Windows\System32\ole32.dll
0x0000000180000000 - 0x000000018003f000 	C:\Program Files (x86)\NetClient5\n5grd2_64.dll
0x00007ff8d24d0000 - 0x00007ff8d2555000 	D:\tools\sts-4.8.1.RELEASE\plugins\org.eclipse.justj.openjdk.hotspot.jre.full.win32.x86_64_15.0.0.v20201014-1246\jre\bin\freetype.dll
0x00007ff8c7d40000 - 0x00007ff8c7de9000 	D:\tools\sts-4.8.1.RELEASE\plugins\org.eclipse.justj.openjdk.hotspot.jre.full.win32.x86_64_15.0.0.v20201014-1246\jre\bin\fontmanager.dll
0x00007ff8f8050000 - 0x00007ff8f80f2000 	C:\Windows\System32\clbcatq.dll
0x00007ff8f0ec0000 - 0x00007ff8f106f000 	C:\Windows\SYSTEM32\WindowsCodecs.dll
0x00007ff8e1590000 - 0x00007ff8e15ca000 	C:\Windows\system32\dataexchange.dll
0x00007ff8f4200000 - 0x00007ff8f43dd000 	C:\Windows\system32\dcomp.dll
0x00007ff8f3b40000 - 0x00007ff8f3d9b000 	C:\Windows\system32\d3d11.dll
0x00007ff8f55c0000 - 0x00007ff8f56ab000 	C:\Windows\system32\dxgi.dll
0x00007ff8f4cf0000 - 0x00007ff8f4f52000 	C:\Windows\system32\twinapi.appcore.dll
0x00007ff8f5090000 - 0x00007ff8f50b9000 	C:\Windows\system32\RMCLIENT.dll
0x00007ff8f05b0000 - 0x00007ff8f064e000 	C:\Windows\System32\TextInputFramework.dll
0x00007ff8f19f0000 - 0x00007ff8f1d1a000 	C:\Windows\System32\CoreUIComponents.dll
0x00007ff8f47a0000 - 0x00007ff8f4874000 	C:\Windows\System32\CoreMessaging.dll
0x00007ff8f5920000 - 0x00007ff8f5951000 	C:\Windows\SYSTEM32\ntmarta.dll
0x00007ff8f2d60000 - 0x00007ff8f2eb3000 	C:\Windows\SYSTEM32\wintypes.dll
0x00007ff8eacd0000 - 0x00007ff8eaf76000 	C:\Windows\System32\iertutil.dll
0x00007ff8e5f10000 - 0x00007ff8e5fdf000 	C:\Windows\System32\IME\IMEKR\imkrtip.dll
0x00007ff8f3210000 - 0x00007ff8f3300000 	C:\Windows\SYSTEM32\PROPSYS.dll
0x00007ff8e4d50000 - 0x00007ff8e4e88000 	C:\Windows\System32\IME\shared\imetip.dll
0x00007ff8e5ea0000 - 0x00007ff8e5f05000 	C:\Windows\SYSTEM32\OLEACC.dll
0x00007ff8e4b90000 - 0x00007ff8e4d43000 	C:\Windows\SYSTEM32\DUI70.dll
0x00007ff8e9bf0000 - 0x00007ff8e9c2e000 	C:\Windows\System32\IME\IMEKR\imkrapi.dll
0x00007ff8e7930000 - 0x00007ff8e796c000 	C:\Windows\System32\IME\shared\imjkapi.dll

dbghelp: loaded successfully - version: 4.0.5 - missing functions: none
symbol engine: initialized successfully - sym options: 0x614 - pdb path: .;D:\tools\sts-4.8.1.RELEASE\plugins\org.eclipse.justj.openjdk.hotspot.jre.full.win32.x86_64_15.0.0.v20201014-1246\jre\bin;C:\Windows\SYSTEM32;C:\Windows\WinSxS\amd64_microsoft.windows.common-controls_6595b64144ccf1df_6.0.18362.1082_none_9e8193e1e45b25c1;D:\tools\sts-4.8.1.RELEASE\plugins\org.eclipse.justj.openjdk.hotspot.jre.full.win32.x86_64_15.0.0.v20201014-1246\jre\bin\server;C:\Program Files (x86)\NetClient5;C:\Windows\System32\IME\IMEKR;C:\Windows\System32\IME\shared

VM Arguments:
jvm_args: -XX:+ShowCodeDetailsInExceptionMessages -agentlib:jdwp=transport=dt_socket,suspend=y,address=localhost:53218 -javaagent:D:\tools\sts-4.8.1.RELEASE\configuration\org.eclipse.osgi\262\0\.cp\lib\javaagent-shaded.jar -Dfile.encoding=MS949 
java_command: test.ChatClientTest
java_class_path (initial): D:\workspace\javawork\chatTest\bin
Launcher Type: SUN_STANDARD

[Global flags]
     intx CICompilerCount                          = 3                                         {product} {ergonomic}
     uint ConcGCThreads                            = 1                                         {product} {ergonomic}
     uint G1ConcRefinementThreads                  = 4                                         {product} {ergonomic}
   size_t G1HeapRegionSize                         = 1048576                                   {product} {ergonomic}
    uintx GCDrainStackTargetSize                   = 64                                        {product} {ergonomic}
   size_t InitialHeapSize                          = 134217728                                 {product} {ergonomic}
   size_t MarkStackSize                            = 4194304                                   {product} {ergonomic}
   size_t MaxHeapSize                              = 2120220672                                {product} {ergonomic}
   size_t MaxNewSize                               = 1271922688                                {product} {ergonomic}
   size_t MinHeapDeltaBytes                        = 1048576                                   {product} {ergonomic}
   size_t MinHeapSize                              = 8388608                                   {product} {ergonomic}
    uintx NonNMethodCodeHeapSize                   = 5832780                                {pd product} {ergonomic}
    uintx NonProfiledCodeHeapSize                  = 122912730                              {pd product} {ergonomic}
    uintx ProfiledCodeHeapSize                     = 122912730                              {pd product} {ergonomic}
    uintx ReservedCodeCacheSize                    = 251658240                              {pd product} {ergonomic}
     bool SegmentedCodeCache                       = true                                      {product} {ergonomic}
     bool ShowCodeDetailsInExceptionMessages       = true                                   {manageable} {command line}
   size_t SoftMaxHeapSize                          = 2120220672                             {manageable} {ergonomic}
     bool UseCompressedClassPointers               = true                                 {lp64_product} {ergonomic}
     bool UseCompressedOops                        = true                                 {lp64_product} {ergonomic}
     bool UseG1GC                                  = true                                      {product} {ergonomic}
     bool UseLargePagesIndividualAllocation        = false                                  {pd product} {ergonomic}

Logging:
Log output configuration:
 #0: stdout all=warning uptime,level,tags
 #1: stderr all=off uptime,level,tags

Environment Variables:
PATH=D:\tools\sts-4.8.1.RELEASE\plugins\org.eclipse.justj.openjdk.hotspot.jre.full.win32.x86_64_15.0.0.v20201014-1246\jre\bin;D:/tools/sts-4.8.1.RELEASE//plugins/org.eclipse.justj.openjdk.hotspot.jre.full.win32.x86_64_15.0.0.v20201014-1246/jre/bin/server;D:/tools/sts-4.8.1.RELEASE//plugins/org.eclipse.justj.openjdk.hotspot.jre.full.win32.x86_64_15.0.0.v20201014-1246/jre/bin;C:\Windows\system32;C:\Windows;C:\Windows\System32\Wbem;C:\Windows\System32\WindowsPowerShell\v1.0\;C:\Windows\System32\OpenSSH\;C:\Program Files\Git\cmd;C:\Program Files\Java\jdk1.8.0_271\bin;C:\Program Files\MySQL\MySQL Shell 8.0\bin\;C:\Users\dita_808\AppData\Local\Microsoft\WindowsApps;;C:\Users\dita_808\AppData\Local\Programs\Microsoft VS Code\bin;D:\tools\sts-4.8.1.RELEASE;
USERNAME=dita_808
OS=Windows_NT
PROCESSOR_IDENTIFIER=Intel64 Family 6 Model 58 Stepping 9, GenuineIntel



---------------  S Y S T E M  ---------------

OS:
 Windows 10 , 64 bit Build 18362 (10.0.18362.1082)
OS uptime: 7 days 3:36 hours

CPU: total 4 (initial active 4) (4 cores per cpu, 1 threads per core) family 6 model 58 stepping 9, cmov, cx8, fxsr, mmx, sse, sse2, sse3, ssse3, sse4.1, sse4.2, popcnt, vzeroupper, avx, aes, clmul, erms, tsc, tscinvbit, tscinv, clflush

Memory: 4k page, system-wide physical 8086M (3907M free)
TotalPageFile size 9366M (AvailPageFile size 4380M)
current process WorkingSet (physical memory assigned to process): 221M, peak: 283M
current process commit charge ("private bytes"): 245M, peak: 344M

vm_info: OpenJDK 64-Bit Server VM (15+36-1562) for windows-amd64 JRE (15+36-1562), built on Aug 11 2020 22:33:04 by "mach5one" with unknown MS VC++:1925

END.
